{"name": "test_question_main_page[question_locator7-answer_locator7-\\u0414\\u0430, \\u043e\\u0431\\u044f\\u0437\\u0430\\u0442\\u0435\\u043b\\u044c\\u043d\\u043e. \\u0412\\u0441\\u0435\\u043c \\u0441\\u0430\\u043c\\u043e\\u043a\\u0430\\u0442\\u043e\\u0432! \\u0418 \\u041c\\u043e\\u0441\\u043a\\u0432\\u0435, \\u0438 \\u041c\\u043e\\u0441\\u043a\\u043e\\u0432\\u0441\\u043a\\u043e\\u0439 \\u043e\\u0431\\u043b\\u0430\\u0441\\u0442\\u0438.]", "status": "broken", "statusDetails": {"message": "selenium.common.exceptions.TimeoutException: Message: \nStacktrace:\nRemoteError@chrome://remote/content/shared/RemoteError.sys.mjs:8:8\nWebDriverError@chrome://remote/content/shared/webdriver/Errors.sys.mjs:193:5\nNoSuchElementError@chrome://remote/content/shared/webdriver/Errors.sys.mjs:511:5\ndom.find/</<@chrome://remote/content/shared/DOM.sys.mjs:136:16", "trace": "self = <test_question_main_page.TestQuestion object at 0x104c5c9b0>\ndriver = <selenium.webdriver.firefox.webdriver.WebDriver (session=\"f0b11880-cf82-404d-b6dd-215eb5b0d189\")>, question_locator = ('id', 'accordion__heading-7')\nanswer_locator = ('id', 'accordion__pa`nel-7'), question_text = 'Да, обязательно. Всем самокатов! И Москве, и Московской области.'\n\n    @allure.description('Проверка: Вопросы о важном')\n    @pytest.mark.parametrize(\"question_locator, answer_locator, question_text\", [\n        (MainPageLocator.Question_1, MainPageLocator.Answer_1, TextQuestion.Text_1),\n        (MainPageLocator.Question_2, MainPageLocator.Answer_2, TextQuestion.Text_2),\n        (MainPageLocator.Question_3, MainPageLocator.Answer_3, TextQuestion.Text_3),\n        (MainPageLocator.Question_4, MainPageLocator.Answer_4, TextQuestion.Text_4),\n        (MainPageLocator.Question_5, MainPageLocator.Answer_5, TextQuestion.Text_5),\n        (MainPageLocator.Question_6, MainPageLocator.Answer_6, TextQuestion.Text_6),\n        (MainPageLocator.Question_7, MainPageLocator.Answer_7, TextQuestion.Text_7),\n        (MainPageLocator.Question_8, MainPageLocator.Answer_8, TextQuestion.Text_8)\n    ])\n    def test_question_main_page(self, driver, question_locator, answer_locator, question_text):\n    \n        question_page = MainPage(driver)\n        question_page.open_page(Urls.main_page)\n    \n>       text_question = question_page.set_scroll_and_click(question_locator, answer_locator)\n\ntests/test_question_main_page.py:27: \n_ _ _ _ _ _ _ _ _ _ _ _ _ _ _ _ _ _ _ _ _ _ _ _ _ _ _ _ _ _ _ _ _ _ _ _ _ _ _ _ _ _ _ _ _ _ _ _ _ _ _ _ _ _ _ _ _ _ _ _ _ _ _ _ _ _ _ _ _ _ _ _ _ _ _ _ _ _ _ _ _ \npages/main_page.py:13: in set_scroll_and_click\n    answer_element = self.wait_and_find_element(answer_locator)\npages/base_page.py:14: in wait_and_find_element\n    WebDriverWait(self.driver, 10).until(expected_conditions.element_to_be_clickable(locator))\n_ _ _ _ _ _ _ _ _ _ _ _ _ _ _ _ _ _ _ _ _ _ _ _ _ _ _ _ _ _ _ _ _ _ _ _ _ _ _ _ _ _ _ _ _ _ _ _ _ _ _ _ _ _ _ _ _ _ _ _ _ _ _ _ _ _ _ _ _ _ _ _ _ _ _ _ _ _ _ _ _ \n\nself = <selenium.webdriver.support.wait.WebDriverWait (session=\"f0b11880-cf82-404d-b6dd-215eb5b0d189\")>\nmethod = <function element_to_be_clickable.<locals>._predicate at 0x104cb3740>, message = ''\n\n    def until(self, method: Callable[[D], Union[Literal[False], T]], message: str = \"\") -> T:\n        \"\"\"Calls the method provided with the driver as an argument until the \\\n        return value does not evaluate to ``False``.\n    \n        :param method: callable(WebDriver)\n        :param message: optional message for :exc:`TimeoutException`\n        :returns: the result of the last call to `method`\n        :raises: :exc:`selenium.common.exceptions.TimeoutException` if timeout occurs\n        \"\"\"\n        screen = None\n        stacktrace = None\n    \n        end_time = time.monotonic() + self._timeout\n        while True:\n            try:\n                value = method(self._driver)\n                if value:\n                    return value\n            except self._ignored_exceptions as exc:\n                screen = getattr(exc, \"screen\", None)\n                stacktrace = getattr(exc, \"stacktrace\", None)\n            time.sleep(self._poll)\n            if time.monotonic() > end_time:\n                break\n>       raise TimeoutException(message, screen, stacktrace)\nE       selenium.common.exceptions.TimeoutException: Message: \nE       Stacktrace:\nE       RemoteError@chrome://remote/content/shared/RemoteError.sys.mjs:8:8\nE       WebDriverError@chrome://remote/content/shared/webdriver/Errors.sys.mjs:193:5\nE       NoSuchElementError@chrome://remote/content/shared/webdriver/Errors.sys.mjs:511:5\nE       dom.find/</<@chrome://remote/content/shared/DOM.sys.mjs:136:16\n\n/Library/Frameworks/Python.framework/Versions/3.12/lib/python3.12/site-packages/selenium/webdriver/support/wait.py:105: TimeoutException"}, "description": "Проверка: Вопросы о важном", "steps": [{"name": "Скролим до 'Вопросы о важном' выбираем вопрос и нажимаем и проверяем текст", "status": "broken", "statusDetails": {"message": "selenium.common.exceptions.TimeoutException: Message: \nStacktrace:\nRemoteError@chrome://remote/content/shared/RemoteError.sys.mjs:8:8\nWebDriverError@chrome://remote/content/shared/webdriver/Errors.sys.mjs:193:5\nNoSuchElementError@chrome://remote/content/shared/webdriver/Errors.sys.mjs:511:5\ndom.find/</<@chrome://remote/content/shared/DOM.sys.mjs:136:16\n\n", "trace": "  File \"/Library/Frameworks/Python.framework/Versions/3.12/lib/python3.12/site-packages/allure_commons/_allure.py\", line 192, in impl\n    return func(*a, **kw)\n           ^^^^^^^^^^^^^^\n  File \"/Users/v.sindalovsky/Desktop/YaSamokat/pages/main_page.py\", line 13, in set_scroll_and_click\n    answer_element = self.wait_and_find_element(answer_locator)\n                     ^^^^^^^^^^^^^^^^^^^^^^^^^^^^^^^^^^^^^^^^^^\n  File \"/Users/v.sindalovsky/Desktop/YaSamokat/pages/base_page.py\", line 14, in wait_and_find_element\n    WebDriverWait(self.driver, 10).until(expected_conditions.element_to_be_clickable(locator))\n  File \"/Library/Frameworks/Python.framework/Versions/3.12/lib/python3.12/site-packages/selenium/webdriver/support/wait.py\", line 105, in until\n    raise TimeoutException(message, screen, stacktrace)\n"}, "parameters": [{"name": "question_locator", "value": "('id', 'accordion__heading-7')"}, {"name": "answer_locator", "value": "('id', 'accordion__pa`nel-7')"}], "start": 1726615826032, "stop": 1726615836501}], "parameters": [{"name": "question_locator", "value": "('id', 'accordion__heading-7')"}, {"name": "answer_locator", "value": "('id', 'accordion__pa`nel-7')"}, {"name": "question_text", "value": "'Да, обязательно. Всем самокатов! И Москве, и Московской области.'"}], "start": 1726615824793, "stop": 1726615836509, "uuid": "197b5f88-b0a5-43b0-a8ef-e8408b73e3d3", "historyId": "82e8fa584f6dee2c2983387b41b606e6", "testCaseId": "a9665e2e03ebef37fcd957b82a746d1c", "fullName": "tests.test_question_main_page.TestQuestion#test_question_main_page", "labels": [{"name": "parentSuite", "value": "tests"}, {"name": "suite", "value": "test_question_main_page"}, {"name": "subSuite", "value": "TestQuestion"}, {"name": "host", "value": "v-sindalovsky"}, {"name": "thread", "value": "2703-MainThread"}, {"name": "framework", "value": "pytest"}, {"name": "language", "value": "cpython3"}, {"name": "package", "value": "tests.test_question_main_page"}]}